[17:20:26] [info] VEST: VestEngine logging initialized
[17:20:26] [trace] VEST: Executed command: Move Entity
[17:20:26] [trace] VEST: Executed command: Move Entity
[17:20:26] [trace] VEST: Undid command: Move Entity
[17:20:26] [trace] VEST: Redid command: Move Entity
[17:20:26] [trace] VEST: Executed command: Move Entity
[17:20:26] [trace] VEST: Executed command: Scale Entity
[17:20:26] [trace] VEST: Undid command: Scale Entity
[17:20:26] [trace] VEST: Undid command: Move Entity
[17:20:26] [trace] VEST: Executed command: Move Entity
[17:20:26] [info] VEST: Command history cleared
[17:20:26] [trace] VEST: Executed command: Move Entity
[17:20:26] [trace] VEST: Executed command: Move Entity
[17:20:26] [trace] VEST: Merged with previous command
[17:20:26] [trace] VEST: Executed command: Move Entity
[17:20:26] [trace] VEST: Merged with previous command
[17:20:26] [trace] VEST: Executed command: Move Entity
[17:20:26] [trace] VEST: Merged with previous command
[17:20:26] [trace] VEST: Executed command: Move Entity
[17:20:26] [trace] VEST: Merged with previous command
[17:20:26] [trace] VEST: Executed command: Move Entity
[17:20:26] [trace] VEST: Undid command: Move Entity
[17:20:26] [trace] VEST: Executed command: Move Entity
[17:20:26] [trace] VEST: Registered executed command: Move Entity
[17:20:26] [trace] VEST: Undid command: Move Entity
